<?xml version="1.0" encoding="UTF-8"?>
<!-- Generated by org.testng.reporters.JUnitXMLReporter -->
<testsuite hostname="synclapn5483" name="Test" tests="10" failures="1" timestamp="22 Aug 2017 14:43:17 GMT" time="264.625" errors="0">
  <testcase name="MergeLead" time="58.164" classname="testcases.TC007_MergeLead">
    <failure type="java.lang.RuntimeException" message="FAILED">
      <![CDATA[java.lang.RuntimeException: FAILED
	at utils.Reporter.reportStep(Reporter.java:33)
	at utils.Reporter.reportStep(Reporter.java:43)
	at pages.MyLeads.<init>(MyLeads.java:15)
	at pages.MyHomePage.clickLead(MyHomePage.java:21)
	at testcases.TC007_MergeLead.MergeLead(TC007_MergeLead.java:34)
	at java.util.concurrent.ThreadPoolExecutor.runWorker(Unknown Source)
	at java.util.concurrent.ThreadPoolExecutor$Worker.run(Unknown Source)
	at java.lang.Thread.run(Unknown Source)
... Removed 10 stack frames]]>
    </failure>
  </testcase> <!-- MergeLead -->
  <testcase name="CreateLead" time="91.546" classname="testcases.TC003_CreateLead"/>
  <testcase name="EditLead" time="100.156" classname="testcases.TC004_EditLead"/>
  <testcase name="DuplicateLead" time="102.401" classname="testcases.TC005_DuplicateLead"/>
  <testcase name="DeleteLead" time="103.671" classname="testcases.TC006_DeleteLead"/>
  <testcase name="CreateLead" time="58.757" classname="testcases.TC003_CreateLead"/>
  <testcase name="EditLead" time="65.743" classname="testcases.TC004_EditLead"/>
  <testcase name="DuplicateLead" time="73.094" classname="testcases.TC005_DuplicateLead"/>
  <testcase name="DeleteLead" time="76.506" classname="testcases.TC006_DeleteLead"/>
  <testcase name="CreateLead" time="35.343" classname="testcases.TC003_CreateLead"/>
</testsuite> <!-- Test -->
