<?xml version="1.0" encoding="UTF-8"?>
<testng-results skipped="3" failed="0" total="3" passed="0">
  <reporter-output>
  </reporter-output>
  <suite name="Default suite" duration-ms="370160" started-at="2017-09-11T16:18:10Z" finished-at="2017-09-11T16:24:20Z">
    <groups>
    </groups>
    <test name="Default test" duration-ms="370160" started-at="2017-09-11T16:18:10Z" finished-at="2017-09-11T16:24:20Z">
      <class name="testcases.TC003_CreateLead">
        <test-method status="PASS" signature="beforeSuite()[pri:0, instance:testcases.TC003_CreateLead@d1993a]" name="beforeSuite" is-config="true" duration-ms="1882" started-at="2017-09-11T21:48:08Z" finished-at="2017-09-11T21:48:10Z">
          <reporter-output>
          </reporter-output>
        </test-method> <!-- beforeSuite -->
        <test-method status="PASS" signature="beforeTest()[pri:0, instance:testcases.TC003_CreateLead@d1993a]" name="beforeTest" is-config="true" duration-ms="1" started-at="2017-09-11T21:48:10Z" finished-at="2017-09-11T21:48:10Z">
          <reporter-output>
          </reporter-output>
        </test-method> <!-- beforeTest -->
        <test-method status="PASS" signature="setValues()[pri:0, instance:testcases.TC003_CreateLead@d1993a]" name="setValues" is-config="true" duration-ms="72034" started-at="2017-09-11T21:48:10Z" finished-at="2017-09-11T21:49:22Z">
          <reporter-output>
          </reporter-output>
        </test-method> <!-- setValues -->
        <test-method status="FAIL" signature="beforeMethod()[pri:0, instance:testcases.TC003_CreateLead@d1993a]" name="beforeMethod" is-config="true" duration-ms="0" started-at="2017-09-11T21:53:13Z" finished-at="2017-09-11T21:53:13Z">
          <exception class="java.lang.RuntimeException">
            <message>
              <![CDATA[FAILED]]>
            </message>
            <full-stacktrace>
              <![CDATA[java.lang.RuntimeException: FAILED
	at utils.Reporter.reportStep(Reporter.java:33)
	at utils.Reporter.reportStep(Reporter.java:43)
	at wrappers.GenericWrappers.invokeApp(GenericWrappers.java:126)
	at wrappers.ProjectWrappers.beforeMethod(ProjectWrappers.java:33)
	at sun.reflect.NativeMethodAccessorImpl.invoke0(Native Method)
	at sun.reflect.NativeMethodAccessorImpl.invoke(Unknown Source)
	at sun.reflect.DelegatingMethodAccessorImpl.invoke(Unknown Source)
	at java.lang.reflect.Method.invoke(Unknown Source)
	at org.testng.internal.MethodInvocationHelper.invokeMethod(MethodInvocationHelper.java:85)
	at org.testng.internal.Invoker.invokeConfigurationMethod(Invoker.java:510)
	at org.testng.internal.Invoker.invokeConfigurations(Invoker.java:211)
	at org.testng.internal.Invoker.invokeMethod(Invoker.java:585)
	at org.testng.internal.Invoker.invokeTestMethod(Invoker.java:816)
	at org.testng.internal.Invoker.invokeTestMethods(Invoker.java:1124)
	at org.testng.internal.TestMethodWorker.invokeTestMethods(TestMethodWorker.java:124)
	at org.testng.internal.TestMethodWorker.run(TestMethodWorker.java:108)
	at org.testng.TestRunner.privateRun(TestRunner.java:773)
	at org.testng.TestRunner.run(TestRunner.java:623)
	at org.testng.SuiteRunner.runTest(SuiteRunner.java:359)
	at org.testng.SuiteRunner.runSequentially(SuiteRunner.java:354)
	at org.testng.SuiteRunner.privateRun(SuiteRunner.java:312)
	at org.testng.SuiteRunner.run(SuiteRunner.java:261)
	at org.testng.SuiteRunnerWorker.runSuite(SuiteRunnerWorker.java:52)
	at org.testng.SuiteRunnerWorker.run(SuiteRunnerWorker.java:86)
	at org.testng.TestNG.runSuitesSequentially(TestNG.java:1185)
	at org.testng.TestNG.runSuitesLocally(TestNG.java:1110)
	at org.testng.TestNG.run(TestNG.java:1018)
	at org.testng.remote.RemoteTestNG.run(RemoteTestNG.java:112)
	at org.testng.remote.RemoteTestNG.initAndRun(RemoteTestNG.java:205)
	at org.testng.remote.RemoteTestNG.main(RemoteTestNG.java:176)
]]>
            </full-stacktrace>
          </exception> <!-- java.lang.RuntimeException -->
          <reporter-output>
          </reporter-output>
        </test-method> <!-- beforeMethod -->
        <test-method status="SKIP" signature="CreateLead(java.lang.String, java.lang.String, java.lang.String, java.lang.String, java.lang.String)[pri:0, instance:testcases.TC003_CreateLead@d1993a]" name="CreateLead" duration-ms="3" started-at="2017-09-11T21:53:20Z" data-provider="fetchData" finished-at="2017-09-11T21:53:20Z">
          <params>
            <param index="0">
              <value>
                <![CDATA[DemoSalesManager]]>
              </value>
            </param>
            <param index="1">
              <value>
                <![CDATA[crmsfa]]>
              </value>
            </param>
            <param index="2">
              <value>
                <![CDATA[SyncFusion]]>
              </value>
            </param>
            <param index="3">
              <value>
                <![CDATA[Mohan]]>
              </value>
            </param>
            <param index="4">
              <value>
                <![CDATA[Vijay]]>
              </value>
            </param>
          </params>
          <reporter-output>
          </reporter-output>
        </test-method> <!-- CreateLead -->
        <test-method status="SKIP" signature="afterMethod()[pri:0, instance:testcases.TC003_CreateLead@d1993a]" name="afterMethod" is-config="true" duration-ms="0" started-at="2017-09-11T21:53:20Z" finished-at="2017-09-11T21:53:20Z">
          <reporter-output>
          </reporter-output>
        </test-method> <!-- afterMethod -->
        <test-method status="SKIP" signature="beforeMethod()[pri:0, instance:testcases.TC003_CreateLead@d1993a]" name="beforeMethod" is-config="true" duration-ms="0" started-at="2017-09-11T21:53:20Z" finished-at="2017-09-11T21:53:20Z">
          <reporter-output>
          </reporter-output>
        </test-method> <!-- beforeMethod -->
        <test-method status="SKIP" signature="CreateLead(java.lang.String, java.lang.String, java.lang.String, java.lang.String, java.lang.String)[pri:0, instance:testcases.TC003_CreateLead@d1993a]" name="CreateLead" duration-ms="3" started-at="2017-09-11T21:53:20Z" data-provider="fetchData" finished-at="2017-09-11T21:53:20Z">
          <params>
            <param index="0">
              <value>
                <![CDATA[DemoSalesManager]]>
              </value>
            </param>
            <param index="1">
              <value>
                <![CDATA[crmsfa]]>
              </value>
            </param>
            <param index="2">
              <value>
                <![CDATA[Infosys]]>
              </value>
            </param>
            <param index="3">
              <value>
                <![CDATA[Yuvi]]>
              </value>
            </param>
            <param index="4">
              <value>
                <![CDATA[D]]>
              </value>
            </param>
          </params>
          <reporter-output>
          </reporter-output>
        </test-method> <!-- CreateLead -->
        <test-method status="SKIP" signature="afterMethod()[pri:0, instance:testcases.TC003_CreateLead@d1993a]" name="afterMethod" is-config="true" duration-ms="0" started-at="2017-09-11T21:53:20Z" finished-at="2017-09-11T21:53:20Z">
          <reporter-output>
          </reporter-output>
        </test-method> <!-- afterMethod -->
        <test-method status="SKIP" signature="beforeMethod()[pri:0, instance:testcases.TC003_CreateLead@d1993a]" name="beforeMethod" is-config="true" duration-ms="0" started-at="2017-09-11T21:53:20Z" finished-at="2017-09-11T21:53:20Z">
          <reporter-output>
          </reporter-output>
        </test-method> <!-- beforeMethod -->
        <test-method status="SKIP" signature="CreateLead(java.lang.String, java.lang.String, java.lang.String, java.lang.String, java.lang.String)[pri:0, instance:testcases.TC003_CreateLead@d1993a]" name="CreateLead" duration-ms="3" started-at="2017-09-11T21:53:20Z" data-provider="fetchData" finished-at="2017-09-11T21:53:20Z">
          <params>
            <param index="0">
              <value>
                <![CDATA[DemoSalesManager]]>
              </value>
            </param>
            <param index="1">
              <value>
                <![CDATA[crmsfa]]>
              </value>
            </param>
            <param index="2">
              <value>
                <![CDATA[SyncFusion]]>
              </value>
            </param>
            <param index="3">
              <value>
                <![CDATA[Vinoth]]>
              </value>
            </param>
            <param index="4">
              <value>
                <![CDATA[KP]]>
              </value>
            </param>
          </params>
          <reporter-output>
          </reporter-output>
        </test-method> <!-- CreateLead -->
        <test-method status="SKIP" signature="afterMethod()[pri:0, instance:testcases.TC003_CreateLead@d1993a]" name="afterMethod" is-config="true" duration-ms="0" started-at="2017-09-11T21:53:20Z" finished-at="2017-09-11T21:53:20Z">
          <reporter-output>
          </reporter-output>
        </test-method> <!-- afterMethod -->
        <test-method status="SKIP" signature="afterTest()[pri:0, instance:testcases.TC003_CreateLead@d1993a]" name="afterTest" is-config="true" duration-ms="0" started-at="2017-09-11T21:54:20Z" finished-at="2017-09-11T21:54:20Z">
          <reporter-output>
          </reporter-output>
        </test-method> <!-- afterTest -->
        <test-method status="SKIP" signature="afterSuite()[pri:0, instance:testcases.TC003_CreateLead@d1993a]" name="afterSuite" is-config="true" duration-ms="0" started-at="2017-09-11T21:54:21Z" finished-at="2017-09-11T21:54:21Z">
          <reporter-output>
          </reporter-output>
        </test-method> <!-- afterSuite -->
      </class> <!-- testcases.TC003_CreateLead -->
    </test> <!-- Default test -->
  </suite> <!-- Default suite -->
</testng-results>
